<?xml version="1.0" encoding="UTF-8"?>
<!-- Generated by org.testng.reporters.JUnitReportReporter -->
<testsuite hostname="pc-perso" failures="0" tests="1" name="SephoraMSP.search_product" time="6.273" errors="0" timestamp="2023-06-18T13:28:33 CEST" skipped="0">
  <testcase classname="SephoraMSP.search_product" name="Search" time="6.273"/>
  <system-out/>
</testsuite> <!-- SephoraMSP.search_product -->
